<?xml version="1.0" encoding="UTF-8"?>
<testsuite xmlns:xsi="http://www.w3.org/2001/XMLSchema-instance" xsi:noNamespaceSchemaLocation="https://maven.apache.org/surefire/maven-surefire-plugin/xsd/surefire-test-report.xsd" name="TestSuite" time="3,163.341" tests="16" errors="0" skipped="1" failures="7">
  <properties>
    <property name="java.runtime.name" value="Java(TM) SE Runtime Environment"/>
    <property name="sun.boot.library.path" value="C:\Program Files\Java\jdk1.8.0_141\jre\bin"/>
    <property name="java.vm.version" value="25.141-b15"/>
    <property name="java.vm.vendor" value="Oracle Corporation"/>
    <property name="maven.multiModuleProjectDirectory" value="H:\Documents\workspace\maximotest"/>
    <property name="java.vendor.url" value="http://java.oracle.com/"/>
    <property name="path.separator" value=";"/>
    <property name="guice.disable.misplaced.annotation.check" value="true"/>
    <property name="java.vm.name" value="Java HotSpot(TM) 64-Bit Server VM"/>
    <property name="file.encoding.pkg" value="sun.io"/>
    <property name="user.script" value=""/>
    <property name="user.country" value="NZ"/>
    <property name="sun.java.launcher" value="SUN_STANDARD"/>
    <property name="sun.os.patch.level" value="Service Pack 1"/>
    <property name="java.vm.specification.name" value="Java Virtual Machine Specification"/>
    <property name="user.dir" value="H:\Documents\workspace\maximotest"/>
    <property name="java.runtime.version" value="1.8.0_141-b15"/>
    <property name="java.awt.graphicsenv" value="sun.awt.Win32GraphicsEnvironment"/>
    <property name="java.endorsed.dirs" value="C:\Program Files\Java\jdk1.8.0_141\jre\lib\endorsed"/>
    <property name="os.arch" value="amd64"/>
    <property name="java.io.tmpdir" value="C:\Users\mme9310.TRL\AppData\Local\Temp\"/>
    <property name="line.separator" value="&#10;"/>
    <property name="java.vm.specification.vendor" value="Oracle Corporation"/>
    <property name="user.variant" value=""/>
    <property name="os.name" value="Windows 7"/>
    <property name="classworlds.conf" value="\\home-wdc\homedir$\mme9310\Documents\lib\apache-maven-3.5.0\bin\..\bin\m2.conf"/>
    <property name="sun.jnu.encoding" value="Cp1252"/>
    <property name="java.library.path" value="C:\Program Files\Java\jdk1.8.0_141\bin;C:\WINDOWS\Sun\Java\bin;C:\WINDOWS\system32;C:\WINDOWS;C:\Program Files\Git\cmd;C:\Program Files\Java\jdk1.8.0_141\bin;C:\WINDOWS\system32;C:\WINDOWS;C:\WINDOWS\System32\Wbem;C:\WINDOWS\System32\WindowsPowerShell\v1.0\;C:\Program Files\Intel\OpenCL SDK\2.0\bin\x86;C:\Program Files\TortoiseSVN\bin;C:\Program Files\HP\Unified Functional Testing\bin;C:\Program Files\CVArchiverAddin;C:\PROGRA~1\IBM\SQLLIB\BIN;C:\PROGRA~1\IBM\SQLLIB\FUNCTION;C:\Users\mme9310\Documents\libs\selenium-2.48.2\libs\jcommander-1.48.jar;\\home-wdc\homedir$\mme9310\Documents\lib\;C:\ProgramData\Oracle\Java\javapath;C:\Program Files\Java\jdk1.8.0_141;C:\Program Files\PuTTY\;C:\Program Files (x86)\Bitvise SSH Client;C:\Program Files\Git\cmd;C:\Program Files\Git\bin;C:\Program Files\Git\bin\git.exe;C:\Program Files\jEdit;\\home-wdc\homedir$\mme9310\Documents\lib\apache-maven-3.5.0\bin;C:\Program Files (x86)\IBM\Personal Communications\;C:\Program Files (x86)\IBM\Trace Facility\;C:\Program Files (x86)\qfs\qftest;C:\Users\mme9310.TRL\AppData\Local\Android\Sdk\platform-tools;C:\Users\mme9310.TRL\AppData\Local\Android\Sdk\tools;C:\Users\mme9310.TRL\AppData\Local\Android\Sdk\tools\bin;C:\Users\mme9310.TRL\Gradle\gradle-4.5.1\bin;\\home-wdc\homedir$\mme9310\Documents\axis2-1.6.2\bin;C:\PROGRA~2\IBM\SQLLIB\BIN;C:\PROGRA~2\IBM\SQLLIB\FUNCTION;C:\Users\mme9310.TRL\AppData\Local\GitHubDesktop\bin;C:\Users\mme9310.TRL\AppData\Local\atom\bin;."/>
    <property name="maven.conf" value="\\home-wdc\homedir$\mme9310\Documents\lib\apache-maven-3.5.0\bin\../conf"/>
    <property name="java.specification.name" value="Java Platform API Specification"/>
    <property name="java.class.version" value="52.0"/>
    <property name="sun.management.compiler" value="HotSpot 64-Bit Tiered Compilers"/>
    <property name="os.version" value="6.1"/>
    <property name="library.jansi.path" value="\\home-wdc\homedir$\mme9310\Documents\lib\apache-maven-3.5.0\bin\..\lib\jansi-native\windows64"/>
    <property name="user.home" value="C:\Users\mme9310.TRL"/>
    <property name="user.timezone" value="Pacific/Auckland"/>
    <property name="java.awt.printerjob" value="sun.awt.windows.WPrinterJob"/>
    <property name="java.specification.version" value="1.8"/>
    <property name="file.encoding" value="Cp1252"/>
    <property name="user.name" value="mme9310"/>
    <property name="java.class.path" value="\\home-wdc\homedir$\mme9310\Documents\lib\apache-maven-3.5.0\bin\..\boot\plexus-classworlds-2.5.2.jar"/>
    <property name="java.vm.specification.version" value="1.8"/>
    <property name="sun.arch.data.model" value="64"/>
    <property name="java.home" value="C:\Program Files\Java\jdk1.8.0_141\jre"/>
    <property name="sun.java.command" value="org.codehaus.plexus.classworlds.launcher.Launcher test"/>
    <property name="java.specification.vendor" value="Oracle Corporation"/>
    <property name="user.language" value="en"/>
    <property name="awt.toolkit" value="sun.awt.windows.WToolkit"/>
    <property name="java.vm.info" value="mixed mode"/>
    <property name="java.version" value="1.8.0_141"/>
    <property name="java.ext.dirs" value="C:\Program Files\Java\jdk1.8.0_141\jre\lib\ext;C:\WINDOWS\Sun\Java\lib\ext"/>
    <property name="sun.boot.class.path" value="C:\Program Files\Java\jdk1.8.0_141\jre\lib\resources.jar;C:\Program Files\Java\jdk1.8.0_141\jre\lib\rt.jar;C:\Program Files\Java\jdk1.8.0_141\jre\lib\sunrsasign.jar;C:\Program Files\Java\jdk1.8.0_141\jre\lib\jsse.jar;C:\Program Files\Java\jdk1.8.0_141\jre\lib\jce.jar;C:\Program Files\Java\jdk1.8.0_141\jre\lib\charsets.jar;C:\Program Files\Java\jdk1.8.0_141\jre\lib\jfr.jar;C:\Program Files\Java\jdk1.8.0_141\jre\classes"/>
    <property name="sun.stderr.encoding" value="cp437"/>
    <property name="java.vendor" value="Oracle Corporation"/>
    <property name="maven.home" value="\\home-wdc\homedir$\mme9310\Documents\lib\apache-maven-3.5.0\bin\.."/>
    <property name="file.separator" value="\"/>
    <property name="java.vendor.url.bug" value="http://bugreport.sun.com/bugreport/"/>
    <property name="sun.cpu.endian" value="little"/>
    <property name="sun.io.unicode.encoding" value="UnicodeLittle"/>
    <property name="sun.stdout.encoding" value="cp437"/>
    <property name="sun.desktop" value="windows"/>
    <property name="sun.cpu.isalist" value="amd64"/>
  </properties>
  <testcase name="testTAWOs" classname="config.WFUnitTests" time="577.121"/>
  <testcase name="testColdstartPRwithTAWO" classname="config.WFUnitTests" time="274.161"/>
  <testcase name="testPOGeneratedByTAWO" classname="config.WFUnitTests" time="207.093"/>
  <testcase name="multipleAreaAndRegion" classname="config.Shakedown6" time="317.175"/>
  <testcase name="test" classname="config.Shakedown6" time="187.95"/>
  <testcase name="test" classname="config.Shakedown6" time="200.06"/>
  <testcase name="test" classname="config.Shakedown6" time="0">
    <skipped/>
    <system-out><![CDATA[Element xpath: By.xpath: .//*[@id='loginbutton'] was found
Element xpath: By.xpath: .//*[@id='titlebar-tb_homeButton'] was found
Element xpath: By.xpath: //span[contains(@id,'ASSET_MODULE_')] was found
Element xpath: By.xpath: //span[contains(@id,'ASSET_MODULE_')] was found
Element xpath: By.xpath: //span[contains(@id,'_ASSET_MODULE_sub_changeapp_ASSET_')] was found
Element xpath: By.xpath: //img[contains(@id,'INSERT-tbb_')] was found
Element xpath: By.xpath: //input[contains(@aria-label, 'Asset description')] was found
Element xpath: By.xpath: //input[contains(@aria-label, 'Asset description')] was found
Element xpath: By.xpath: //input[contains(@aria-label, 'Asset description')] was found
Element xpath: By.xpath: //a[@id=(//label[text()="Linear?"]/@for)] was found
Element xpath: By.xpath: //input[@id=(//label[text()="Discipline:"]/@for)] was found
Element xpath: By.xpath: //input[@id=(//label[text()="Discipline:"]/@for)] was found
Element xpath: By.xpath: //input[@id=(//label[text()="Discipline:"]/@for)] was found
Element xpath: By.xpath: //input[@id=(//label[text()="Region:"]/@for)] was found
Element xpath: By.xpath: //input[@id=(//label[text()="Region:"]/@for)] was found
Element xpath: By.xpath: //input[@id=(//label[text()="Region:"]/@for)] was found
Element xpath: By.xpath: //input[@id=(//label[text()="Area:"]/@for)] was found
Element xpath: By.xpath: //input[@id=(//label[text()="Area:"]/@for)] was found
Element xpath: By.xpath: //input[@id=(//label[text()="Area:"]/@for)] was found
Element xpath: By.xpath: //input[@id=(//label[text()="Line:"]/@for)] was found
Element xpath: By.xpath: //input[@id=(//label[text()="Line:"]/@for)] was found
Element xpath: By.xpath: //input[@id=(//label[text()="Line:"]/@for)] was found
Element xpath: By.xpath: //img[contains(@id,'SAVE-tbb_')] was found
Element xpath: By.xpath: //label[contains(@id,'mb_msg')] was found
Element xpath: By.xpath: //button[@type='button' and contains (., "OK")] was found
Element xpath: By.xpath: //input[@id=(//label[text()="LRM:"]/@for)] was found
Element xpath: By.xpath: //input[@id=(//label[text()="LRM:"]/@for)] was found
Element xpath: By.xpath: //input[@id=(//label[text()="LRM:"]/@for)] was found
]]></system-out>
    <system-err><![CDATA[Starting ChromeDriver 2.37.544315 (730aa6a5fdba159ac9f4c1e8cbc59bf1b5ce12b7) on port 16927
Only local connections are allowed.
Jun 19, 2018 11:20:37 AM org.openqa.selenium.remote.ProtocolHandshake createSession
INFO: Detected dialect: OSS
]]></system-err>
  </testcase>
  <testcase name="test" classname="config.Shakedown6" time="112.046">
    <failure type="java.lang.AssertionError:">java.lang.AssertionError: null
	at config.Shakedown6.test(Shakedown6.java:152)
</failure>
    <system-out><![CDATA[Element xpath: By.xpath: .//*[@id='loginbutton'] was found
Element xpath: By.xpath: .//*[@id='titlebar-tb_homeButton'] was found
Element xpath: By.xpath: //span[contains(@id,'ASSET_MODULE_')] was found
Element xpath: By.xpath: //span[contains(@id,'ASSET_MODULE_')] was found
Element xpath: By.xpath: //span[contains(@id,'_ASSET_MODULE_sub_changeapp_ASSET_')] was found
Element xpath: By.xpath: //img[contains(@id,'INSERT-tbb_')] was found
Element xpath: By.xpath: //input[contains(@aria-label, 'Asset description')] was found
Element xpath: By.xpath: //input[contains(@aria-label, 'Asset description')] was found
Element xpath: By.xpath: //input[contains(@aria-label, 'Asset description')] was found
Element xpath: By.xpath: //a[@id=(//label[text()="Linear?"]/@for)] was found
Element xpath: By.xpath: //input[@id=(//label[text()="Discipline:"]/@for)] was found
Element xpath: By.xpath: //input[@id=(//label[text()="Discipline:"]/@for)] was found
Element xpath: By.xpath: //input[@id=(//label[text()="Discipline:"]/@for)] was found
Element xpath: By.xpath: //input[@id=(//label[text()="Region:"]/@for)] was found
Element xpath: By.xpath: //input[@id=(//label[text()="Region:"]/@for)] was found
Element xpath: By.xpath: //input[@id=(//label[text()="Region:"]/@for)] was found
Element xpath: By.xpath: //input[@id=(//label[text()="Area:"]/@for)] was found
Element xpath: By.xpath: //input[@id=(//label[text()="Area:"]/@for)] was found
Element xpath: By.xpath: //input[@id=(//label[text()="Area:"]/@for)] was found
Element xpath: By.xpath: //input[@id=(//label[text()="Line:"]/@for)] was found
Element xpath: By.xpath: //input[@id=(//label[text()="Line:"]/@for)] was found
Element xpath: By.xpath: //input[@id=(//label[text()="Line:"]/@for)] was found
Element xpath: By.xpath: //img[contains(@id,'SAVE-tbb_')] was found
Element xpath: By.xpath: //label[contains(@id,'mb_msg')] was found
Element xpath: By.xpath: //button[@type='button' and contains (., "OK")] was found
Element xpath: By.xpath: //input[@id=(//label[text()="LRM:"]/@for)] was found
Element xpath: By.xpath: //input[@id=(//label[text()="LRM:"]/@for)] was found
Element xpath: By.xpath: //input[@id=(//label[text()="LRM:"]/@for)] was found
]]></system-out>
    <system-err><![CDATA[Starting ChromeDriver 2.37.544315 (730aa6a5fdba159ac9f4c1e8cbc59bf1b5ce12b7) on port 36338
Only local connections are allowed.
Jun 19, 2018 11:22:33 AM org.openqa.selenium.remote.ProtocolHandshake createSession
INFO: Detected dialect: OSS
]]></system-err>
  </testcase>
  <testcase name="test" classname="config.Shakedown6" time="109.513">
    <failure type="java.lang.AssertionError:">java.lang.AssertionError: null
	at config.Shakedown6.test(Shakedown6.java:152)
</failure>
    <system-out><![CDATA[Element xpath: By.xpath: .//*[@id='loginbutton'] was found
Element xpath: By.xpath: .//*[@id='titlebar-tb_homeButton'] was found
Element xpath: By.xpath: //span[contains(@id,'ASSET_MODULE_')] was found
Element xpath: By.xpath: //span[contains(@id,'ASSET_MODULE_')] was found
Element xpath: By.xpath: //span[contains(@id,'_ASSET_MODULE_sub_changeapp_ASSET_')] was found
Element xpath: By.xpath: //img[contains(@id,'INSERT-tbb_')] was found
Element xpath: By.xpath: //input[contains(@aria-label, 'Asset description')] was found
Element xpath: By.xpath: //input[contains(@aria-label, 'Asset description')] was found
Element xpath: By.xpath: //input[contains(@aria-label, 'Asset description')] was found
Element xpath: By.xpath: //a[@id=(//label[text()="Linear?"]/@for)] was found
Element xpath: By.xpath: //input[@id=(//label[text()="Discipline:"]/@for)] was found
Element xpath: By.xpath: //input[@id=(//label[text()="Discipline:"]/@for)] was found
Element xpath: By.xpath: //input[@id=(//label[text()="Discipline:"]/@for)] was found
Element xpath: By.xpath: //input[@id=(//label[text()="Region:"]/@for)] was found
Element xpath: By.xpath: //input[@id=(//label[text()="Region:"]/@for)] was found
Element xpath: By.xpath: //input[@id=(//label[text()="Region:"]/@for)] was found
Element xpath: By.xpath: //input[@id=(//label[text()="Area:"]/@for)] was found
Element xpath: By.xpath: //input[@id=(//label[text()="Area:"]/@for)] was found
Element xpath: By.xpath: //input[@id=(//label[text()="Area:"]/@for)] was found
Element xpath: By.xpath: //input[@id=(//label[text()="Line:"]/@for)] was found
Element xpath: By.xpath: //input[@id=(//label[text()="Line:"]/@for)] was found
Element xpath: By.xpath: //input[@id=(//label[text()="Line:"]/@for)] was found
Element xpath: By.xpath: //img[contains(@id,'SAVE-tbb_')] was found
Element xpath: By.xpath: //label[contains(@id,'mb_msg')] was found
Element xpath: By.xpath: //button[@type='button' and contains (., "OK")] was found
Element xpath: By.xpath: //input[@id=(//label[text()="LRM:"]/@for)] was found
Element xpath: By.xpath: //input[@id=(//label[text()="LRM:"]/@for)] was found
Element xpath: By.xpath: //input[@id=(//label[text()="LRM:"]/@for)] was found
]]></system-out>
    <system-err><![CDATA[Starting ChromeDriver 2.37.544315 (730aa6a5fdba159ac9f4c1e8cbc59bf1b5ce12b7) on port 14019
Only local connections are allowed.
Jun 19, 2018 11:24:31 AM org.openqa.selenium.remote.ProtocolHandshake createSession
INFO: Detected dialect: OSS
]]></system-err>
  </testcase>
  <testcase name="test" classname="config.Shakedown6" time="109.876">
    <failure type="java.lang.AssertionError:">java.lang.AssertionError: null
	at config.Shakedown6.test(Shakedown6.java:152)
</failure>
    <system-out><![CDATA[Element xpath: By.xpath: .//*[@id='loginbutton'] was found
Element xpath: By.xpath: .//*[@id='titlebar-tb_homeButton'] was found
Element xpath: By.xpath: //span[contains(@id,'ASSET_MODULE_')] was found
Element xpath: By.xpath: //span[contains(@id,'ASSET_MODULE_')] was found
Element xpath: By.xpath: //span[contains(@id,'_ASSET_MODULE_sub_changeapp_ASSET_')] was found
Element xpath: By.xpath: //img[contains(@id,'INSERT-tbb_')] was found
Element xpath: By.xpath: //input[contains(@aria-label, 'Asset description')] was found
Element xpath: By.xpath: //input[contains(@aria-label, 'Asset description')] was found
Element xpath: By.xpath: //input[contains(@aria-label, 'Asset description')] was found
Element xpath: By.xpath: //a[@id=(//label[text()="Linear?"]/@for)] was found
Element xpath: By.xpath: //input[@id=(//label[text()="Discipline:"]/@for)] was found
Element xpath: By.xpath: //input[@id=(//label[text()="Discipline:"]/@for)] was found
Element xpath: By.xpath: //input[@id=(//label[text()="Discipline:"]/@for)] was found
Element xpath: By.xpath: //input[@id=(//label[text()="Region:"]/@for)] was found
Element xpath: By.xpath: //input[@id=(//label[text()="Region:"]/@for)] was found
Element xpath: By.xpath: //input[@id=(//label[text()="Region:"]/@for)] was found
Element xpath: By.xpath: //input[@id=(//label[text()="Area:"]/@for)] was found
Element xpath: By.xpath: //input[@id=(//label[text()="Area:"]/@for)] was found
Element xpath: By.xpath: //input[@id=(//label[text()="Area:"]/@for)] was found
Element xpath: By.xpath: //input[@id=(//label[text()="Line:"]/@for)] was found
Element xpath: By.xpath: //input[@id=(//label[text()="Line:"]/@for)] was found
Element xpath: By.xpath: //input[@id=(//label[text()="Line:"]/@for)] was found
Element xpath: By.xpath: //img[contains(@id,'SAVE-tbb_')] was found
Element xpath: By.xpath: //label[contains(@id,'mb_msg')] was found
Element xpath: By.xpath: //button[@type='button' and contains (., "OK")] was found
Element xpath: By.xpath: //input[@id=(//label[text()="LRM:"]/@for)] was found
Element xpath: By.xpath: //input[@id=(//label[text()="LRM:"]/@for)] was found
Element xpath: By.xpath: //input[@id=(//label[text()="LRM:"]/@for)] was found
]]></system-out>
    <system-err><![CDATA[Starting ChromeDriver 2.37.544315 (730aa6a5fdba159ac9f4c1e8cbc59bf1b5ce12b7) on port 18847
Only local connections are allowed.
Jun 19, 2018 11:26:25 AM org.openqa.selenium.remote.ProtocolHandshake createSession
INFO: Detected dialect: OSS
]]></system-err>
  </testcase>
  <testcase name="test" classname="config.Shakedown6" time="197.687"/>
  <testcase name="test" classname="config.Shakedown6" time="200.142"/>
  <testcase name="test" classname="config.Shakedown6" time="117.29">
    <failure type="java.lang.AssertionError:">java.lang.AssertionError: null
	at config.Shakedown6.test(Shakedown6.java:152)
</failure>
    <system-out><![CDATA[Element xpath: By.xpath: .//*[@id='loginbutton'] was found
Element xpath: By.xpath: .//*[@id='titlebar-tb_homeButton'] was found
Element xpath: By.xpath: //span[contains(@id,'ASSET_MODULE_')] was found
Element xpath: By.xpath: //span[contains(@id,'ASSET_MODULE_')] was found
Element xpath: By.xpath: //span[contains(@id,'_ASSET_MODULE_sub_changeapp_ASSET_')] was found
Element xpath: By.xpath: //img[contains(@id,'INSERT-tbb_')] was found
Element xpath: By.xpath: //input[contains(@aria-label, 'Asset description')] was found
Element xpath: By.xpath: //input[contains(@aria-label, 'Asset description')] was found
Element xpath: By.xpath: //input[contains(@aria-label, 'Asset description')] was found
Element xpath: By.xpath: //a[@id=(//label[text()="Linear?"]/@for)] was found
Element xpath: By.xpath: //input[@id=(//label[text()="Discipline:"]/@for)] was found
Element xpath: By.xpath: //input[@id=(//label[text()="Discipline:"]/@for)] was found
Element xpath: By.xpath: //input[@id=(//label[text()="Discipline:"]/@for)] was found
Element xpath: By.xpath: //input[@id=(//label[text()="Region:"]/@for)] was found
Element xpath: By.xpath: //input[@id=(//label[text()="Region:"]/@for)] was found
Element xpath: By.xpath: //input[@id=(//label[text()="Region:"]/@for)] was found
Element xpath: By.xpath: //input[@id=(//label[text()="Area:"]/@for)] was found
Element xpath: By.xpath: //input[@id=(//label[text()="Area:"]/@for)] was found
Element xpath: By.xpath: //input[@id=(//label[text()="Area:"]/@for)] was found
Element xpath: By.xpath: //input[@id=(//label[text()="Line:"]/@for)] was found
Element xpath: By.xpath: //input[@id=(//label[text()="Line:"]/@for)] was found
Element xpath: By.xpath: //input[@id=(//label[text()="Line:"]/@for)] was found
Element xpath: By.xpath: //img[contains(@id,'SAVE-tbb_')] was found
Element xpath: By.xpath: //label[contains(@id,'mb_msg')] was found
Element xpath: By.xpath: //button[@type='button' and contains (., "OK")] was found
Element xpath: By.xpath: //input[@id=(//label[text()="LRM:"]/@for)] was found
Element xpath: By.xpath: //input[@id=(//label[text()="LRM:"]/@for)] was found
Element xpath: By.xpath: //input[@id=(//label[text()="LRM:"]/@for)] was found
]]></system-out>
    <system-err><![CDATA[Starting ChromeDriver 2.37.544315 (730aa6a5fdba159ac9f4c1e8cbc59bf1b5ce12b7) on port 36851
Only local connections are allowed.
Jun 19, 2018 11:35:12 AM org.openqa.selenium.remote.ProtocolHandshake createSession
INFO: Detected dialect: OSS
]]></system-err>
  </testcase>
  <testcase name="test" classname="config.Shakedown6" time="121.653">
    <failure type="java.lang.AssertionError:">java.lang.AssertionError: null
	at config.Shakedown6.test(Shakedown6.java:152)
</failure>
    <system-out><![CDATA[Element xpath: By.xpath: .//*[@id='loginbutton'] was found
Element xpath: By.xpath: .//*[@id='titlebar-tb_homeButton'] was found
Element xpath: By.xpath: //span[contains(@id,'ASSET_MODULE_')] was found
Element xpath: By.xpath: //span[contains(@id,'ASSET_MODULE_')] was found
Element xpath: By.xpath: //span[contains(@id,'_ASSET_MODULE_sub_changeapp_ASSET_')] was found
Element xpath: By.xpath: //img[contains(@id,'INSERT-tbb_')] was found
Element xpath: By.xpath: //input[contains(@aria-label, 'Asset description')] was found
Element xpath: By.xpath: //input[contains(@aria-label, 'Asset description')] was found
Element xpath: By.xpath: //input[contains(@aria-label, 'Asset description')] was found
Element xpath: By.xpath: //a[@id=(//label[text()="Linear?"]/@for)] was found
Element xpath: By.xpath: //input[@id=(//label[text()="Discipline:"]/@for)] was found
Element xpath: By.xpath: //input[@id=(//label[text()="Discipline:"]/@for)] was found
Element xpath: By.xpath: //input[@id=(//label[text()="Discipline:"]/@for)] was found
Element xpath: By.xpath: //input[@id=(//label[text()="Region:"]/@for)] was found
Element xpath: By.xpath: //input[@id=(//label[text()="Region:"]/@for)] was found
Element xpath: By.xpath: //input[@id=(//label[text()="Region:"]/@for)] was found
Element xpath: By.xpath: //input[@id=(//label[text()="Area:"]/@for)] was found
Element xpath: By.xpath: //input[@id=(//label[text()="Area:"]/@for)] was found
Element xpath: By.xpath: //input[@id=(//label[text()="Area:"]/@for)] was found
Element xpath: By.xpath: //input[@id=(//label[text()="Line:"]/@for)] was found
Element xpath: By.xpath: //input[@id=(//label[text()="Line:"]/@for)] was found
Element xpath: By.xpath: //input[@id=(//label[text()="Line:"]/@for)] was found
Element xpath: By.xpath: //img[contains(@id,'SAVE-tbb_')] was found
Element xpath: By.xpath: //label[contains(@id,'mb_msg')] was found
Element xpath: By.xpath: //button[@type='button' and contains (., "OK")] was found
Element xpath: By.xpath: //input[@id=(//label[text()="LRM:"]/@for)] was found
Element xpath: By.xpath: //input[@id=(//label[text()="LRM:"]/@for)] was found
Element xpath: By.xpath: //input[@id=(//label[text()="LRM:"]/@for)] was found
]]></system-out>
    <system-err><![CDATA[Starting ChromeDriver 2.37.544315 (730aa6a5fdba159ac9f4c1e8cbc59bf1b5ce12b7) on port 22805
Only local connections are allowed.
Jun 19, 2018 11:37:16 AM org.openqa.selenium.remote.ProtocolHandshake createSession
INFO: Detected dialect: OSS
]]></system-err>
  </testcase>
  <testcase name="test" classname="config.Shakedown6" time="108.513">
    <failure type="java.lang.AssertionError:">java.lang.AssertionError: null
	at config.Shakedown6.test(Shakedown6.java:152)
</failure>
    <system-out><![CDATA[Element xpath: By.xpath: .//*[@id='loginbutton'] was found
Element xpath: By.xpath: .//*[@id='titlebar-tb_homeButton'] was found
Element xpath: By.xpath: //span[contains(@id,'ASSET_MODULE_')] was found
Element xpath: By.xpath: //span[contains(@id,'ASSET_MODULE_')] was found
Element xpath: By.xpath: //span[contains(@id,'_ASSET_MODULE_sub_changeapp_ASSET_')] was found
Element xpath: By.xpath: //img[contains(@id,'INSERT-tbb_')] was found
Element xpath: By.xpath: //input[contains(@aria-label, 'Asset description')] was found
Element xpath: By.xpath: //input[contains(@aria-label, 'Asset description')] was found
Element xpath: By.xpath: //input[contains(@aria-label, 'Asset description')] was found
Element xpath: By.xpath: //a[@id=(//label[text()="Linear?"]/@for)] was found
Element xpath: By.xpath: //input[@id=(//label[text()="Discipline:"]/@for)] was found
Element xpath: By.xpath: //input[@id=(//label[text()="Discipline:"]/@for)] was found
Element xpath: By.xpath: //input[@id=(//label[text()="Discipline:"]/@for)] was found
Element xpath: By.xpath: //input[@id=(//label[text()="Region:"]/@for)] was found
Element xpath: By.xpath: //input[@id=(//label[text()="Region:"]/@for)] was found
Element xpath: By.xpath: //input[@id=(//label[text()="Region:"]/@for)] was found
Element xpath: By.xpath: //input[@id=(//label[text()="Area:"]/@for)] was found
Element xpath: By.xpath: //input[@id=(//label[text()="Area:"]/@for)] was found
Element xpath: By.xpath: //input[@id=(//label[text()="Area:"]/@for)] was found
Element xpath: By.xpath: //input[@id=(//label[text()="Line:"]/@for)] was found
Element xpath: By.xpath: //input[@id=(//label[text()="Line:"]/@for)] was found
Element xpath: By.xpath: //input[@id=(//label[text()="Line:"]/@for)] was found
Element xpath: By.xpath: //img[contains(@id,'SAVE-tbb_')] was found
Element xpath: By.xpath: //label[contains(@id,'mb_msg')] was found
Element xpath: By.xpath: //button[@type='button' and contains (., "OK")] was found
Element xpath: By.xpath: //input[@id=(//label[text()="LRM:"]/@for)] was found
Element xpath: By.xpath: //input[@id=(//label[text()="LRM:"]/@for)] was found
Element xpath: By.xpath: //input[@id=(//label[text()="LRM:"]/@for)] was found
]]></system-out>
    <system-err><![CDATA[Starting ChromeDriver 2.37.544315 (730aa6a5fdba159ac9f4c1e8cbc59bf1b5ce12b7) on port 23294
Only local connections are allowed.
Jun 19, 2018 11:39:24 AM org.openqa.selenium.remote.ProtocolHandshake createSession
INFO: Detected dialect: OSS
]]></system-err>
  </testcase>
  <testcase name="test" classname="config.Shakedown6" time="115.108">
    <failure type="java.lang.AssertionError:">java.lang.AssertionError: null
	at config.Shakedown6.test(Shakedown6.java:152)
</failure>
    <system-out><![CDATA[Element xpath: By.xpath: .//*[@id='loginbutton'] was found
Element xpath: By.xpath: .//*[@id='titlebar-tb_homeButton'] was found
Element xpath: By.xpath: //span[contains(@id,'ASSET_MODULE_')] was found
Element xpath: By.xpath: //span[contains(@id,'ASSET_MODULE_')] was found
Element xpath: By.xpath: //span[contains(@id,'_ASSET_MODULE_sub_changeapp_ASSET_')] was found
Element xpath: By.xpath: //img[contains(@id,'INSERT-tbb_')] was found
Element xpath: By.xpath: //input[contains(@aria-label, 'Asset description')] was found
Element xpath: By.xpath: //input[contains(@aria-label, 'Asset description')] was found
Element xpath: By.xpath: //input[contains(@aria-label, 'Asset description')] was found
Element xpath: By.xpath: //a[@id=(//label[text()="Linear?"]/@for)] was found
Element xpath: By.xpath: //input[@id=(//label[text()="Discipline:"]/@for)] was found
Element xpath: By.xpath: //input[@id=(//label[text()="Discipline:"]/@for)] was found
Element xpath: By.xpath: //input[@id=(//label[text()="Discipline:"]/@for)] was found
Element xpath: By.xpath: //input[@id=(//label[text()="Region:"]/@for)] was found
Element xpath: By.xpath: //input[@id=(//label[text()="Region:"]/@for)] was found
Element xpath: By.xpath: //input[@id=(//label[text()="Region:"]/@for)] was found
Element xpath: By.xpath: //input[@id=(//label[text()="Area:"]/@for)] was found
Element xpath: By.xpath: //input[@id=(//label[text()="Area:"]/@for)] was found
Element xpath: By.xpath: //input[@id=(//label[text()="Area:"]/@for)] was found
Element xpath: By.xpath: //input[@id=(//label[text()="Line:"]/@for)] was found
Element xpath: By.xpath: //input[@id=(//label[text()="Line:"]/@for)] was found
Element xpath: By.xpath: //input[@id=(//label[text()="Line:"]/@for)] was found
Element xpath: By.xpath: //img[contains(@id,'SAVE-tbb_')] was found
Element xpath: By.xpath: //label[contains(@id,'mb_msg')] was found
Element xpath: By.xpath: //button[@type='button' and contains (., "OK")] was found
Element xpath: By.xpath: //input[@id=(//label[text()="LRM:"]/@for)] was found
Element xpath: By.xpath: //input[@id=(//label[text()="LRM:"]/@for)] was found
Element xpath: By.xpath: //input[@id=(//label[text()="LRM:"]/@for)] was found
]]></system-out>
    <system-err><![CDATA[Starting ChromeDriver 2.37.544315 (730aa6a5fdba159ac9f4c1e8cbc59bf1b5ce12b7) on port 28668
Only local connections are allowed.
Jun 19, 2018 11:41:19 AM org.openqa.selenium.remote.ProtocolHandshake createSession
INFO: Detected dialect: OSS
]]></system-err>
  </testcase>
</testsuite>