<?xml version="1.0" encoding="UTF-8"?>
<!-- Generated by org.testng.reporters.JUnitReportReporter -->
<testsuite skipped="0" hostname="WL51232" name="executionEngine.DriverScript" tests="1" failures="0" timestamp="16 Feb 2018 01:37:48 GMT" time="26.495" errors="0">
  <testcase name="main" time="26.495" classname="executionEngine.DriverScript"/>
</testsuite> <!-- executionEngine.DriverScript -->
